2014/06/21 10:14:35 [error] [exception.CHttpException.404] exception 'CHttpException' with message 'Unable to resolve the request "publication".' in /opt/lampp/htdocs/framework/web/CWebApplication.php:286
Stack trace:
#0 /opt/lampp/htdocs/framework/web/CWebApplication.php(141): CWebApplication->runController('publication')
#1 /opt/lampp/htdocs/framework/base/CApplication.php(180): CWebApplication->processRequest()
#2 /opt/lampp/htdocs/research/index.php(13): CApplication->run()
#3 {main}
REQUEST_URI=/research/publication
---
2014/06/21 10:16:57 [error] [exception.CHttpException.404] exception 'CHttpException' with message 'The requested view "Demo 404 page" was not found.' in /opt/lampp/htdocs/framework/web/actions/CViewAction.php:112
Stack trace:
#0 /opt/lampp/htdocs/framework/web/actions/CViewAction.php(123): CViewAction->resolveView('Demo 404 page')
#1 /opt/lampp/htdocs/framework/web/actions/CAction.php(76): CViewAction->run()
#2 /opt/lampp/htdocs/framework/web/CController.php(308): CAction->runWithParams(Array)
#3 /opt/lampp/htdocs/framework/web/CController.php(286): CController->runAction(Object(CViewAction))
#4 /opt/lampp/htdocs/framework/web/CController.php(265): CController->runActionWithFilters(Object(CViewAction), Array)
#5 /opt/lampp/htdocs/framework/web/CWebApplication.php(282): CController->run('page')
#6 /opt/lampp/htdocs/framework/web/CWebApplication.php(141): CWebApplication->runController('site/page')
#7 /opt/lampp/htdocs/framework/base/CApplication.php(180): CWebApplication->processRequest()
#8 /opt/lampp/htdocs/research/index.php(13): CApplication->run()
#9 {main}
REQUEST_URI=/research/site/page?view=Demo+404+page
HTTP_REFERER=http://localhost/research/site/page?view=buttons_and_icons
---
2014/06/21 10:17:27 [error] [exception.CHttpException.404] exception 'CHttpException' with message 'The requested view "Demo 404 page" was not found.' in /opt/lampp/htdocs/framework/web/actions/CViewAction.php:112
Stack trace:
#0 /opt/lampp/htdocs/framework/web/actions/CViewAction.php(123): CViewAction->resolveView('Demo 404 page')
#1 /opt/lampp/htdocs/framework/web/actions/CAction.php(76): CViewAction->run()
#2 /opt/lampp/htdocs/framework/web/CController.php(308): CAction->runWithParams(Array)
#3 /opt/lampp/htdocs/framework/web/CController.php(286): CController->runAction(Object(CViewAction))
#4 /opt/lampp/htdocs/framework/web/CController.php(265): CController->runActionWithFilters(Object(CViewAction), Array)
#5 /opt/lampp/htdocs/framework/web/CWebApplication.php(282): CController->run('page')
#6 /opt/lampp/htdocs/framework/web/CWebApplication.php(141): CWebApplication->runController('site/page')
#7 /opt/lampp/htdocs/framework/base/CApplication.php(180): CWebApplication->processRequest()
#8 /opt/lampp/htdocs/research/index.php(13): CApplication->run()
#9 {main}
REQUEST_URI=/research/site/page?view=Demo+404+page
HTTP_REFERER=http://localhost/research/site/index
---
2014/06/21 10:21:37 [error] [exception.CException] exception 'CException' with message 'Alias "application.extensions.mbmenu.MbMenu" is invalid. Make sure it points to an existing PHP file and the file is readable.' in /opt/lampp/htdocs/framework/YiiBase.php:322
Stack trace:
#0 /opt/lampp/htdocs/framework/web/CWidgetFactory.php(146): YiiBase::import('application.ext...', true)
#1 /opt/lampp/htdocs/framework/web/CBaseController.php(146): CWidgetFactory->createWidget(Object(SiteController), 'application.ext...', Array)
#2 /opt/lampp/htdocs/framework/web/CBaseController.php(172): CBaseController->createWidget('application.ext...', Array)
#3 /opt/lampp/htdocs/research/themes/shadow_dancer/views/layouts/main.php(64): CBaseController->widget('application.ext...', Array)
#4 /opt/lampp/htdocs/framework/web/CBaseController.php(126): require('/opt/lampp/htdo...')
#5 /opt/lampp/htdocs/framework/web/CBaseController.php(95): CBaseController->renderInternal('/opt/lampp/htdo...', Array, true)
#6 /opt/lampp/htdocs/framework/web/widgets/CContentDecorator.php(76): CBaseController->renderFile('/opt/lampp/htdo...', Array, true)
#7 /opt/lampp/htdocs/framework/web/widgets/CContentDecorator.php(54): CContentDecorator->decorate('<div class="con...')
#8 /opt/lampp/htdocs/framework/web/widgets/COutputProcessor.php(44): CContentDecorator->processOutput('<div class="con...')
#9 /opt/lampp/htdocs/framework/web/CBaseController.php(206): COutputProcessor->run()
#10 /opt/lampp/htdocs/framework/web/CBaseController.php(300): CBaseController->endWidget('CContentDecorat...')
#11 /opt/lampp/htdocs/research/themes/shadow_dancer/views/layouts/column1.php(7): CBaseController->endContent()
#12 /opt/lampp/htdocs/framework/web/CBaseController.php(126): require('/opt/lampp/htdo...')
#13 /opt/lampp/htdocs/framework/web/CBaseController.php(95): CBaseController->renderInternal('/opt/lampp/htdo...', Array, true)
#14 /opt/lampp/htdocs/framework/web/CController.php(784): CBaseController->renderFile('/opt/lampp/htdo...', Array, true)
#15 /opt/lampp/htdocs/research/protected/controllers/SiteController.php(32): CController->render('index')
#16 /opt/lampp/htdocs/framework/web/actions/CInlineAction.php(49): SiteController->actionIndex()
#17 /opt/lampp/htdocs/framework/web/CController.php(308): CInlineAction->runWithParams(Array)
#18 /opt/lampp/htdocs/framework/web/CController.php(286): CController->runAction(Object(CInlineAction))
#19 /opt/lampp/htdocs/framework/web/CController.php(265): CController->runActionWithFilters(Object(CInlineAction), Array)
#20 /opt/lampp/htdocs/framework/web/CWebApplication.php(282): CController->run('index')
#21 /opt/lampp/htdocs/framework/web/CWebApplication.php(141): CWebApplication->runController('site/index')
#22 /opt/lampp/htdocs/framework/base/CApplication.php(180): CWebApplication->processRequest()
#23 /opt/lampp/htdocs/research/index.php(13): CApplication->run()
#24 {main}
REQUEST_URI=/research/site/index
HTTP_REFERER=http://localhost/research/site/page?view=graphs
---
2014/06/21 10:32:43 [error] [php] strpos() expects parameter 1 to be string, array given (/opt/lampp/htdocs/framework/web/CController.php:963)
Stack trace:
#0 /opt/lampp/htdocs/framework/web/CBaseController.php(126): require()
#1 /opt/lampp/htdocs/framework/web/CBaseController.php(95): SiteController->renderInternal()
#2 /opt/lampp/htdocs/framework/web/widgets/CContentDecorator.php(76): SiteController->renderFile()
#3 /opt/lampp/htdocs/framework/web/widgets/CContentDecorator.php(54): CContentDecorator->decorate()
#4 /opt/lampp/htdocs/framework/web/widgets/COutputProcessor.php(44): CContentDecorator->processOutput()
#5 /opt/lampp/htdocs/framework/web/CBaseController.php(206): CContentDecorator->run()
#6 /opt/lampp/htdocs/framework/web/CBaseController.php(300): SiteController->endWidget()
#7 /opt/lampp/htdocs/research/themes/shadow_dancer/views/layouts/column1.php(7): SiteController->endContent()
#8 /opt/lampp/htdocs/framework/web/CBaseController.php(126): require()
#9 /opt/lampp/htdocs/framework/web/CBaseController.php(95): SiteController->renderInternal()
#10 /opt/lampp/htdocs/framework/web/CController.php(784): SiteController->renderFile()
#11 /opt/lampp/htdocs/research/protected/controllers/SiteController.php(32): SiteController->render()
#12 /opt/lampp/htdocs/framework/web/actions/CInlineAction.php(49): SiteController->actionIndex()
#13 /opt/lampp/htdocs/framework/web/CController.php(308): CInlineAction->runWithParams()
#14 /opt/lampp/htdocs/framework/web/CController.php(286): SiteController->runAction()
#15 /opt/lampp/htdocs/framework/web/CController.php(265): SiteController->runActionWithFilters()
#16 /opt/lampp/htdocs/framework/web/CWebApplication.php(282): SiteController->run()
#17 /opt/lampp/htdocs/framework/web/CWebApplication.php(141): CWebApplication->runController()
#18 /opt/lampp/htdocs/framework/base/CApplication.php(180): CWebApplication->processRequest()
#19 /opt/lampp/htdocs/research/index.php(13): CWebApplication->run()
REQUEST_URI=/research/site/index
in /opt/lampp/htdocs/research/themes/shadow_dancer/views/layouts/main.php (89)
in /opt/lampp/htdocs/research/themes/shadow_dancer/views/layouts/column1.php (7)
in /opt/lampp/htdocs/research/protected/controllers/SiteController.php (32)
2014/06/21 10:34:49 [error] [exception.CHttpException.404] exception 'CHttpException' with message 'The system is unable to find the requested action "home".' in /opt/lampp/htdocs/framework/web/CController.php:483
Stack trace:
#0 /opt/lampp/htdocs/framework/web/CController.php(270): CController->missingAction('home')
#1 /opt/lampp/htdocs/framework/web/CWebApplication.php(282): CController->run('home')
#2 /opt/lampp/htdocs/framework/web/CWebApplication.php(141): CWebApplication->runController('site/home')
#3 /opt/lampp/htdocs/framework/base/CApplication.php(180): CWebApplication->processRequest()
#4 /opt/lampp/htdocs/research/index.php(13): CApplication->run()
#5 {main}
REQUEST_URI=/research/site/home
HTTP_REFERER=http://localhost/research/site/contact
---
2014/06/21 10:34:51 [error] [exception.CHttpException.404] exception 'CHttpException' with message 'The system is unable to find the requested action "home".' in /opt/lampp/htdocs/framework/web/CController.php:483
Stack trace:
#0 /opt/lampp/htdocs/framework/web/CController.php(270): CController->missingAction('home')
#1 /opt/lampp/htdocs/framework/web/CWebApplication.php(282): CController->run('home')
#2 /opt/lampp/htdocs/framework/web/CWebApplication.php(141): CWebApplication->runController('site/home')
#3 /opt/lampp/htdocs/framework/base/CApplication.php(180): CWebApplication->processRequest()
#4 /opt/lampp/htdocs/research/index.php(13): CApplication->run()
#5 {main}
REQUEST_URI=/research/site/home
HTTP_REFERER=http://localhost/research/site/home
---
2014/06/21 10:48:51 [error] [exception.CHttpException.404] exception 'CHttpException' with message 'The system is unable to find the requested action "home".' in /opt/lampp/htdocs/framework/web/CController.php:483
Stack trace:
#0 /opt/lampp/htdocs/framework/web/CController.php(270): CController->missingAction('home')
#1 /opt/lampp/htdocs/framework/web/CWebApplication.php(282): CController->run('home')
#2 /opt/lampp/htdocs/framework/web/CWebApplication.php(141): CWebApplication->runController('site/home')
#3 /opt/lampp/htdocs/framework/base/CApplication.php(180): CWebApplication->processRequest()
#4 /opt/lampp/htdocs/research/index.php(13): CApplication->run()
#5 {main}
REQUEST_URI=/research/site/home
HTTP_REFERER=http://localhost/research/site/home
---
2014/06/21 10:49:06 [error] [exception.CHttpException.404] exception 'CHttpException' with message 'The system is unable to find the requested action "home".' in /opt/lampp/htdocs/framework/web/CController.php:483
Stack trace:
#0 /opt/lampp/htdocs/framework/web/CController.php(270): CController->missingAction('home')
#1 /opt/lampp/htdocs/framework/web/CWebApplication.php(282): CController->run('home')
#2 /opt/lampp/htdocs/framework/web/CWebApplication.php(141): CWebApplication->runController('site/home')
#3 /opt/lampp/htdocs/framework/base/CApplication.php(180): CWebApplication->processRequest()
#4 /opt/lampp/htdocs/research/index.php(13): CApplication->run()
#5 {main}
REQUEST_URI=/research/site/home
HTTP_REFERER=http://localhost/research/site/home
---
2014/06/21 10:49:17 [error] [exception.CHttpException.404] exception 'CHttpException' with message 'The system is unable to find the requested action "home".' in /opt/lampp/htdocs/framework/web/CController.php:483
Stack trace:
#0 /opt/lampp/htdocs/framework/web/CController.php(270): CController->missingAction('home')
#1 /opt/lampp/htdocs/framework/web/CWebApplication.php(282): CController->run('home')
#2 /opt/lampp/htdocs/framework/web/CWebApplication.php(141): CWebApplication->runController('site/home')
#3 /opt/lampp/htdocs/framework/base/CApplication.php(180): CWebApplication->processRequest()
#4 /opt/lampp/htdocs/research/index.php(13): CApplication->run()
#5 {main}
REQUEST_URI=/research/site/home
HTTP_REFERER=http://localhost/research/site/home
---
2014/06/21 11:14:51 [error] [exception.CException] exception 'CException' with message 'SiteController cannot find the requested view "User".' in /opt/lampp/htdocs/framework/web/CController.php:878
Stack trace:
#0 /opt/lampp/htdocs/framework/web/CController.php(782): CController->renderPartial('User', Array, true)
#1 /opt/lampp/htdocs/research/protected/controllers/SiteController.php(122): CController->render('User', Array)
#2 /opt/lampp/htdocs/framework/web/actions/CInlineAction.php(49): SiteController->actionRegister()
#3 /opt/lampp/htdocs/framework/web/CController.php(308): CInlineAction->runWithParams(Array)
#4 /opt/lampp/htdocs/framework/web/CController.php(286): CController->runAction(Object(CInlineAction))
#5 /opt/lampp/htdocs/framework/web/CController.php(265): CController->runActionWithFilters(Object(CInlineAction), Array)
#6 /opt/lampp/htdocs/framework/web/CWebApplication.php(282): CController->run('register')
#7 /opt/lampp/htdocs/framework/web/CWebApplication.php(141): CWebApplication->runController('site/register')
#8 /opt/lampp/htdocs/framework/base/CApplication.php(180): CWebApplication->processRequest()
#9 /opt/lampp/htdocs/research/index.php(13): CApplication->run()
#10 {main}
REQUEST_URI=/research/site/register
HTTP_REFERER=http://localhost/research/
---
2014/06/21 11:15:11 [error] [exception.CException] exception 'CException' with message 'Property "User.username" is not defined.' in /opt/lampp/htdocs/framework/base/CComponent.php:130
Stack trace:
#0 /opt/lampp/htdocs/framework/db/ar/CActiveRecord.php(145): CComponent->__get('username')
#1 /opt/lampp/htdocs/framework/web/helpers/CHtml.php(2529): CActiveRecord->__get('username')
#2 /opt/lampp/htdocs/framework/web/helpers/CHtml.php(2252): CHtml::resolveValue(Object(User), 'username')
#3 /opt/lampp/htdocs/framework/web/helpers/CHtml.php(1434): CHtml::activeInputField('text', Object(User), 'username', Array)
#4 /opt/lampp/htdocs/framework/web/widgets/CActiveForm.php(725): CHtml::activeTextField(Object(User), 'username', Array)
#5 /opt/lampp/htdocs/research/themes/shadow_dancer/views/site/signup.php(26): CActiveForm->textField(Object(User), 'username')
#6 /opt/lampp/htdocs/framework/web/CBaseController.php(126): require('/opt/lampp/htdo...')
#7 /opt/lampp/htdocs/framework/web/CBaseController.php(95): CBaseController->renderInternal('/opt/lampp/htdo...', Array, true)
#8 /opt/lampp/htdocs/framework/web/CController.php(869): CBaseController->renderFile('/opt/lampp/htdo...', Array, true)
#9 /opt/lampp/htdocs/framework/web/CController.php(782): CController->renderPartial('signup', Array, true)
#10 /opt/lampp/htdocs/research/protected/controllers/SiteController.php(122): CController->render('signup', Array)
#11 /opt/lampp/htdocs/framework/web/actions/CInlineAction.php(49): SiteController->actionRegister()
#12 /opt/lampp/htdocs/framework/web/CController.php(308): CInlineAction->runWithParams(Array)
#13 /opt/lampp/htdocs/framework/web/CController.php(286): CController->runAction(Object(CInlineAction))
#14 /opt/lampp/htdocs/framework/web/CController.php(265): CController->runActionWithFilters(Object(CInlineAction), Array)
#15 /opt/lampp/htdocs/framework/web/CWebApplication.php(282): CController->run('register')
#16 /opt/lampp/htdocs/framework/web/CWebApplication.php(141): CWebApplication->runController('site/register')
#17 /opt/lampp/htdocs/framework/base/CApplication.php(180): CWebApplication->processRequest()
#18 /opt/lampp/htdocs/research/index.php(13): CApplication->run()
#19 {main}
REQUEST_URI=/research/site/register
HTTP_REFERER=http://localhost/research/
---
2014/06/21 11:47:29 [error] [exception.CException] exception 'CException' with message 'Property "User.fld_email_add" is not defined.' in /opt/lampp/htdocs/framework/base/CComponent.php:130
Stack trace:
#0 /opt/lampp/htdocs/framework/db/ar/CActiveRecord.php(145): CComponent->__get('fld_email_add')
#1 /opt/lampp/htdocs/framework/validators/CRequiredValidator.php(58): CActiveRecord->__get('fld_email_add')
#2 /opt/lampp/htdocs/framework/validators/CValidator.php(213): CRequiredValidator->validateAttribute(Object(User), 'fld_email_add')
#3 /opt/lampp/htdocs/framework/base/CModel.php(159): CValidator->validate(Object(User), NULL)
#4 /opt/lampp/htdocs/research/protected/controllers/SiteController.php(116): CModel->validate()
#5 /opt/lampp/htdocs/framework/web/actions/CInlineAction.php(49): SiteController->actionRegister()
#6 /opt/lampp/htdocs/framework/web/CController.php(308): CInlineAction->runWithParams(Array)
#7 /opt/lampp/htdocs/framework/web/CController.php(286): CController->runAction(Object(CInlineAction))
#8 /opt/lampp/htdocs/framework/web/CController.php(265): CController->runActionWithFilters(Object(CInlineAction), Array)
#9 /opt/lampp/htdocs/framework/web/CWebApplication.php(282): CController->run('register')
#10 /opt/lampp/htdocs/framework/web/CWebApplication.php(141): CWebApplication->runController('site/register')
#11 /opt/lampp/htdocs/framework/base/CApplication.php(180): CWebApplication->processRequest()
#12 /opt/lampp/htdocs/research/index.php(13): CApplication->run()
#13 {main}
REQUEST_URI=/research/site/register
HTTP_REFERER=http://localhost/research/site/register
---
2014/06/21 11:48:48 [error] [exception.CException] exception 'CException' with message 'User has an invalid validation rule. The rule must specify attributes to be validated and the validator name.' in /opt/lampp/htdocs/framework/base/CModel.php:289
Stack trace:
#0 /opt/lampp/htdocs/framework/base/CModel.php(260): CModel->createValidators()
#1 /opt/lampp/htdocs/framework/base/CModel.php(304): CModel->getValidators('firstName')
#2 /opt/lampp/htdocs/framework/web/helpers/CHtml.php(1414): CModel->isAttributeRequired('firstName')
#3 /opt/lampp/htdocs/framework/web/widgets/CActiveForm.php(597): CHtml::activeLabelEx(Object(User), 'firstName', Array)
#4 /opt/lampp/htdocs/research/themes/shadow_dancer/views/site/signup.php(34): CActiveForm->labelEx(Object(User), 'firstName')
#5 /opt/lampp/htdocs/framework/web/CBaseController.php(126): require('/opt/lampp/htdo...')
#6 /opt/lampp/htdocs/framework/web/CBaseController.php(95): CBaseController->renderInternal('/opt/lampp/htdo...', Array, true)
#7 /opt/lampp/htdocs/framework/web/CController.php(869): CBaseController->renderFile('/opt/lampp/htdo...', Array, true)
#8 /opt/lampp/htdocs/framework/web/CController.php(782): CController->renderPartial('signup', Array, true)
#9 /opt/lampp/htdocs/research/protected/controllers/SiteController.php(122): CController->render('signup', Array)
#10 /opt/lampp/htdocs/framework/web/actions/CInlineAction.php(49): SiteController->actionRegister()
#11 /opt/lampp/htdocs/framework/web/CController.php(308): CInlineAction->runWithParams(Array)
#12 /opt/lampp/htdocs/framework/web/CController.php(286): CController->runAction(Object(CInlineAction))
#13 /opt/lampp/htdocs/framework/web/CController.php(265): CController->runActionWithFilters(Object(CInlineAction), Array)
#14 /opt/lampp/htdocs/framework/web/CWebApplication.php(282): CController->run('register')
#15 /opt/lampp/htdocs/framework/web/CWebApplication.php(141): CWebApplication->runController('site/register')
#16 /opt/lampp/htdocs/framework/base/CApplication.php(180): CWebApplication->processRequest()
#17 /opt/lampp/htdocs/research/index.php(13): CApplication->run()
#18 {main}
REQUEST_URI=/research/site/register
---
2014/06/21 11:51:42 [error] [exception.CException] exception 'CException' with message 'SiteController and its behaviors do not have a method or closure named "setFlash".' in /opt/lampp/htdocs/framework/base/CComponent.php:266
Stack trace:
#0 /opt/lampp/htdocs/research/protected/controllers/SiteController.php(117): CComponent->__call('setFlash', Array)
#1 /opt/lampp/htdocs/research/protected/controllers/SiteController.php(117): SiteController->setFlash('register', '<b>REGISTRATION...')
#2 /opt/lampp/htdocs/framework/web/actions/CInlineAction.php(49): SiteController->actionRegister()
#3 /opt/lampp/htdocs/framework/web/CController.php(308): CInlineAction->runWithParams(Array)
#4 /opt/lampp/htdocs/framework/web/CController.php(286): CController->runAction(Object(CInlineAction))
#5 /opt/lampp/htdocs/framework/web/CController.php(265): CController->runActionWithFilters(Object(CInlineAction), Array)
#6 /opt/lampp/htdocs/framework/web/CWebApplication.php(282): CController->run('register')
#7 /opt/lampp/htdocs/framework/web/CWebApplication.php(141): CWebApplication->runController('site/register')
#8 /opt/lampp/htdocs/framework/base/CApplication.php(180): CWebApplication->processRequest()
#9 /opt/lampp/htdocs/research/index.php(13): CApplication->run()
#10 {main}
REQUEST_URI=/research/site/register
HTTP_REFERER=http://localhost/research/site/register
---
